[0.015s] Invoking command in '/home/huynh/ros2_ws/build/my_cpp_pkg': CMAKE_PREFIX_PATH=/opt/ros/humble /usr/bin/cmake /home/huynh/ros2_ws/src/my_cpp_pkg -DCMAKE_INSTALL_PREFIX=/home/huynh/ros2_ws/install/my_cpp_pkg
[0.080s] -- The C compiler identification is GNU 11.2.0
[0.156s] -- The CXX compiler identification is GNU 11.2.0
[0.165s] -- Detecting C compiler ABI info
[0.221s] -- Detecting C compiler ABI info - done
[0.229s] -- Check for working C compiler: /usr/bin/cc - skipped
[0.229s] -- Detecting C compile features
[0.230s] -- Detecting C compile features - done
[0.233s] -- Detecting CXX compiler ABI info
[0.305s] -- Detecting CXX compiler ABI info - done
[0.313s] -- Check for working CXX compiler: /usr/bin/c++ - skipped
[0.313s] -- Detecting CXX compile features
[0.314s] -- Detecting CXX compile features - done
[0.318s] -- Found ament_cmake: 1.3.2 (/opt/ros/humble/share/ament_cmake/cmake)
[0.475s] -- Found Python3: /usr/bin/python3.10 (found version "3.10.4") found components: Interpreter 
[0.569s] -- Found rclcpp: 16.0.1 (/opt/ros/humble/share/rclcpp/cmake)
[0.627s] -- Found rosidl_generator_c: 3.1.3 (/opt/ros/humble/share/rosidl_generator_c/cmake)
[0.635s] -- Found rosidl_adapter: 3.1.3 (/opt/ros/humble/share/rosidl_adapter/cmake)
[0.646s] -- Found rosidl_generator_cpp: 3.1.3 (/opt/ros/humble/share/rosidl_generator_cpp/cmake)
[0.662s] -- Using all available rosidl_typesupport_c: rosidl_typesupport_fastrtps_c;rosidl_typesupport_introspection_c
[0.685s] -- Using all available rosidl_typesupport_cpp: rosidl_typesupport_fastrtps_cpp;rosidl_typesupport_introspection_cpp
[0.764s] -- Found rmw_implementation_cmake: 6.1.0 (/opt/ros/humble/share/rmw_implementation_cmake/cmake)
[0.767s] -- Found rmw_fastrtps_cpp: 6.2.1 (/opt/ros/humble/share/rmw_fastrtps_cpp/cmake)
[0.857s] -- Found OpenSSL: /usr/lib/x86_64-linux-gnu/libcrypto.so (found version "3.0.2")  
[0.886s] -- Found FastRTPS: /opt/ros/humble/include  
[0.938s] -- Using RMW implementation 'rmw_fastrtps_cpp' as default
[1.118s] -- Found ament_lint_auto: 0.12.4 (/opt/ros/humble/share/ament_lint_auto/cmake)
[1.199s] -- Added test 'lint_cmake' to check CMake code style
[1.202s] -- Added test 'xmllint' to check XML markup files
[1.206s] -- Configuring done
[1.214s] -- Generating done
[1.217s] -- Build files have been written to: /home/huynh/ros2_ws/build/my_cpp_pkg
[1.228s] Invoked command in '/home/huynh/ros2_ws/build/my_cpp_pkg' returned '0': CMAKE_PREFIX_PATH=/opt/ros/humble /usr/bin/cmake /home/huynh/ros2_ws/src/my_cpp_pkg -DCMAKE_INSTALL_PREFIX=/home/huynh/ros2_ws/install/my_cpp_pkg
[1.230s] Invoking command in '/home/huynh/ros2_ws/build/my_cpp_pkg': CMAKE_PREFIX_PATH=/opt/ros/humble /usr/bin/cmake --build /home/huynh/ros2_ws/build/my_cpp_pkg -- -j12 -l12
[1.271s] Invoked command in '/home/huynh/ros2_ws/build/my_cpp_pkg' returned '0': CMAKE_PREFIX_PATH=/opt/ros/humble /usr/bin/cmake --build /home/huynh/ros2_ws/build/my_cpp_pkg -- -j12 -l12
[1.299s] Invoking command in '/home/huynh/ros2_ws/build/my_cpp_pkg': CMAKE_PREFIX_PATH=/opt/ros/humble /usr/bin/cmake --install /home/huynh/ros2_ws/build/my_cpp_pkg
[1.304s] -- Install configuration: ""
[1.304s] -- Installing: /home/huynh/ros2_ws/install/my_cpp_pkg/share/ament_index/resource_index/package_run_dependencies/my_cpp_pkg
[1.304s] -- Installing: /home/huynh/ros2_ws/install/my_cpp_pkg/share/ament_index/resource_index/parent_prefix_path/my_cpp_pkg
[1.305s] -- Installing: /home/huynh/ros2_ws/install/my_cpp_pkg/share/my_cpp_pkg/environment/ament_prefix_path.sh
[1.305s] -- Installing: /home/huynh/ros2_ws/install/my_cpp_pkg/share/my_cpp_pkg/environment/ament_prefix_path.dsv
[1.305s] -- Installing: /home/huynh/ros2_ws/install/my_cpp_pkg/share/my_cpp_pkg/environment/path.sh
[1.305s] -- Installing: /home/huynh/ros2_ws/install/my_cpp_pkg/share/my_cpp_pkg/environment/path.dsv
[1.305s] -- Installing: /home/huynh/ros2_ws/install/my_cpp_pkg/share/my_cpp_pkg/local_setup.bash
[1.305s] -- Installing: /home/huynh/ros2_ws/install/my_cpp_pkg/share/my_cpp_pkg/local_setup.sh
[1.305s] -- Installing: /home/huynh/ros2_ws/install/my_cpp_pkg/share/my_cpp_pkg/local_setup.zsh
[1.306s] -- Installing: /home/huynh/ros2_ws/install/my_cpp_pkg/share/my_cpp_pkg/local_setup.dsv
[1.306s] -- Installing: /home/huynh/ros2_ws/install/my_cpp_pkg/share/my_cpp_pkg/package.dsv
[1.306s] -- Installing: /home/huynh/ros2_ws/install/my_cpp_pkg/share/ament_index/resource_index/packages/my_cpp_pkg
[1.306s] -- Installing: /home/huynh/ros2_ws/install/my_cpp_pkg/share/my_cpp_pkg/cmake/my_cpp_pkgConfig.cmake
[1.306s] -- Installing: /home/huynh/ros2_ws/install/my_cpp_pkg/share/my_cpp_pkg/cmake/my_cpp_pkgConfig-version.cmake
[1.306s] -- Installing: /home/huynh/ros2_ws/install/my_cpp_pkg/share/my_cpp_pkg/package.xml
[1.309s] Invoked command in '/home/huynh/ros2_ws/build/my_cpp_pkg' returned '0': CMAKE_PREFIX_PATH=/opt/ros/humble /usr/bin/cmake --install /home/huynh/ros2_ws/build/my_cpp_pkg
