[0.576s] Invoking command in '/home/huynh/ros2_ws/src/my_py_pkg': PYTHONPATH=/home/huynh/ros2_ws/install/my_py_pkg/lib/python3.10/site-packages:${PYTHONPATH} /usr/bin/python3 setup.py egg_info --egg-base ../../build/my_py_pkg build --build-base /home/huynh/ros2_ws/build/my_py_pkg/build install --prefix /home/huynh/ros2_ws/install/my_py_pkg --record /home/huynh/ros2_ws/build/my_py_pkg/install.log --single-version-externally-managed
[0.808s] running egg_info
[0.809s] writing ../../build/my_py_pkg/my_py_pkg.egg-info/PKG-INFO
[0.809s] writing dependency_links to ../../build/my_py_pkg/my_py_pkg.egg-info/dependency_links.txt
[0.809s] writing entry points to ../../build/my_py_pkg/my_py_pkg.egg-info/entry_points.txt
[0.809s] writing requirements to ../../build/my_py_pkg/my_py_pkg.egg-info/requires.txt
[0.810s] writing top-level names to ../../build/my_py_pkg/my_py_pkg.egg-info/top_level.txt
[0.811s] reading manifest file '../../build/my_py_pkg/my_py_pkg.egg-info/SOURCES.txt'
[0.812s] writing manifest file '../../build/my_py_pkg/my_py_pkg.egg-info/SOURCES.txt'
[0.812s] running build
[0.812s] running build_py
[0.812s] running install
[0.812s] /usr/lib/python3/dist-packages/setuptools/command/install.py:34: SetuptoolsDeprecationWarning: setup.py install is deprecated. Use build and pip and other standards-based tools.
[0.812s]   warnings.warn(
[0.813s] running install_lib
[0.814s] running install_data
[0.814s] running install_egg_info
[0.815s] removing '/home/huynh/ros2_ws/install/my_py_pkg/lib/python3.10/site-packages/my_py_pkg-0.0.0-py3.10.egg-info' (and everything under it)
[0.816s] Copying ../../build/my_py_pkg/my_py_pkg.egg-info to /home/huynh/ros2_ws/install/my_py_pkg/lib/python3.10/site-packages/my_py_pkg-0.0.0-py3.10.egg-info
[0.816s] running install_scripts
[0.835s] writing list of installed files to '/home/huynh/ros2_ws/build/my_py_pkg/install.log'
[0.860s] Invoked command in '/home/huynh/ros2_ws/src/my_py_pkg' returned '0': PYTHONPATH=/home/huynh/ros2_ws/install/my_py_pkg/lib/python3.10/site-packages:${PYTHONPATH} /usr/bin/python3 setup.py egg_info --egg-base ../../build/my_py_pkg build --build-base /home/huynh/ros2_ws/build/my_py_pkg/build install --prefix /home/huynh/ros2_ws/install/my_py_pkg --record /home/huynh/ros2_ws/build/my_py_pkg/install.log --single-version-externally-managed
