[0.588s] Invoking command in '/home/huynh/ros2_ws/src/my_py_pkg': PYTHONPATH=/home/huynh/ros2_ws/install/my_py_pkg/lib/python3.10/site-packages:${PYTHONPATH} /usr/bin/python3 setup.py egg_info --egg-base ../../build/my_py_pkg build --build-base /home/huynh/ros2_ws/build/my_py_pkg/build install --prefix /home/huynh/ros2_ws/install/my_py_pkg --record /home/huynh/ros2_ws/build/my_py_pkg/install.log --single-version-externally-managed
[0.818s] running egg_info
[0.818s] creating ../../build/my_py_pkg/my_py_pkg.egg-info
[0.819s] writing ../../build/my_py_pkg/my_py_pkg.egg-info/PKG-INFO
[0.819s] writing dependency_links to ../../build/my_py_pkg/my_py_pkg.egg-info/dependency_links.txt
[0.819s] writing entry points to ../../build/my_py_pkg/my_py_pkg.egg-info/entry_points.txt
[0.819s] writing requirements to ../../build/my_py_pkg/my_py_pkg.egg-info/requires.txt
[0.819s] writing top-level names to ../../build/my_py_pkg/my_py_pkg.egg-info/top_level.txt
[0.819s] writing manifest file '../../build/my_py_pkg/my_py_pkg.egg-info/SOURCES.txt'
[0.820s] reading manifest file '../../build/my_py_pkg/my_py_pkg.egg-info/SOURCES.txt'
[0.821s] writing manifest file '../../build/my_py_pkg/my_py_pkg.egg-info/SOURCES.txt'
[0.821s] running build
[0.821s] running build_py
[0.821s] creating /home/huynh/ros2_ws/build/my_py_pkg/build
[0.822s] creating /home/huynh/ros2_ws/build/my_py_pkg/build/lib
[0.822s] creating /home/huynh/ros2_ws/build/my_py_pkg/build/lib/my_py_pkg
[0.822s] copying my_py_pkg/__init__.py -> /home/huynh/ros2_ws/build/my_py_pkg/build/lib/my_py_pkg
[0.822s] running install
[0.828s] /usr/lib/python3/dist-packages/setuptools/command/install.py:34: SetuptoolsDeprecationWarning: setup.py install is deprecated. Use build and pip and other standards-based tools.
[0.828s]   warnings.warn(
[0.828s] running install_lib
[0.829s] creating /home/huynh/ros2_ws/install/my_py_pkg/lib/python3.10/site-packages/my_py_pkg
[0.829s] copying /home/huynh/ros2_ws/build/my_py_pkg/build/lib/my_py_pkg/__init__.py -> /home/huynh/ros2_ws/install/my_py_pkg/lib/python3.10/site-packages/my_py_pkg
[0.830s] byte-compiling /home/huynh/ros2_ws/install/my_py_pkg/lib/python3.10/site-packages/my_py_pkg/__init__.py to __init__.cpython-310.pyc
[0.830s] running install_data
[0.830s] creating /home/huynh/ros2_ws/install/my_py_pkg/share/ament_index
[0.830s] creating /home/huynh/ros2_ws/install/my_py_pkg/share/ament_index/resource_index
[0.831s] creating /home/huynh/ros2_ws/install/my_py_pkg/share/ament_index/resource_index/packages
[0.831s] copying resource/my_py_pkg -> /home/huynh/ros2_ws/install/my_py_pkg/share/ament_index/resource_index/packages
[0.831s] copying package.xml -> /home/huynh/ros2_ws/install/my_py_pkg/share/my_py_pkg
[0.831s] running install_egg_info
[0.832s] Copying ../../build/my_py_pkg/my_py_pkg.egg-info to /home/huynh/ros2_ws/install/my_py_pkg/lib/python3.10/site-packages/my_py_pkg-0.0.0-py3.10.egg-info
[0.832s] running install_scripts
[0.853s] writing list of installed files to '/home/huynh/ros2_ws/build/my_py_pkg/install.log'
[0.877s] Invoked command in '/home/huynh/ros2_ws/src/my_py_pkg' returned '0': PYTHONPATH=/home/huynh/ros2_ws/install/my_py_pkg/lib/python3.10/site-packages:${PYTHONPATH} /usr/bin/python3 setup.py egg_info --egg-base ../../build/my_py_pkg build --build-base /home/huynh/ros2_ws/build/my_py_pkg/build install --prefix /home/huynh/ros2_ws/install/my_py_pkg --record /home/huynh/ros2_ws/build/my_py_pkg/install.log --single-version-externally-managed
