[0.609s] Invoking command in '/home/huynh/ros2_ws/src/my_py_pkg': PYTHONPATH=/home/huynh/ros2_ws/src/install/my_py_pkg/lib/python3.10/site-packages:${PYTHONPATH} /usr/bin/python3 setup.py egg_info --egg-base ../build/my_py_pkg build --build-base /home/huynh/ros2_ws/src/build/my_py_pkg/build install --prefix /home/huynh/ros2_ws/src/install/my_py_pkg --record /home/huynh/ros2_ws/src/build/my_py_pkg/install.log --single-version-externally-managed
[0.853s] running egg_info
[0.853s] creating ../build/my_py_pkg/my_py_pkg.egg-info
[0.853s] writing ../build/my_py_pkg/my_py_pkg.egg-info/PKG-INFO
[0.854s] writing dependency_links to ../build/my_py_pkg/my_py_pkg.egg-info/dependency_links.txt
[0.854s] writing entry points to ../build/my_py_pkg/my_py_pkg.egg-info/entry_points.txt
[0.854s] writing requirements to ../build/my_py_pkg/my_py_pkg.egg-info/requires.txt
[0.854s] writing top-level names to ../build/my_py_pkg/my_py_pkg.egg-info/top_level.txt
[0.854s] writing manifest file '../build/my_py_pkg/my_py_pkg.egg-info/SOURCES.txt'
[0.855s] reading manifest file '../build/my_py_pkg/my_py_pkg.egg-info/SOURCES.txt'
[0.856s] writing manifest file '../build/my_py_pkg/my_py_pkg.egg-info/SOURCES.txt'
[0.856s] running build
[0.856s] running build_py
[0.856s] creating /home/huynh/ros2_ws/src/build/my_py_pkg/build
[0.857s] creating /home/huynh/ros2_ws/src/build/my_py_pkg/build/lib
[0.857s] creating /home/huynh/ros2_ws/src/build/my_py_pkg/build/lib/my_py_pkg
[0.857s] copying my_py_pkg/my_first_node.py -> /home/huynh/ros2_ws/src/build/my_py_pkg/build/lib/my_py_pkg
[0.857s] copying my_py_pkg/__init__.py -> /home/huynh/ros2_ws/src/build/my_py_pkg/build/lib/my_py_pkg
[0.857s] running install
[0.857s] running install_lib
[0.857s] creating /home/huynh/ros2_ws/src/install/my_py_pkg/lib/python3.10/site-packages/my_py_pkg
[0.857s] copying /home/huynh/ros2_ws/src/build/my_py_pkg/build/lib/my_py_pkg/my_first_node.py -> /home/huynh/ros2_ws/src/install/my_py_pkg/lib/python3.10/site-packages/my_py_pkg
[0.857s] copying /home/huynh/ros2_ws/src/build/my_py_pkg/build/lib/my_py_pkg/__init__.py -> /home/huynh/ros2_ws/src/install/my_py_pkg/lib/python3.10/site-packages/my_py_pkg
[0.858s] byte-compiling /home/huynh/ros2_ws/src/install/my_py_pkg/lib/python3.10/site-packages/my_py_pkg/my_first_node.py to my_first_node.cpython-310.pyc
[0.858s] byte-compiling /home/huynh/ros2_ws/src/install/my_py_pkg/lib/python3.10/site-packages/my_py_pkg/__init__.py to __init__.cpython-310.pyc
[0.858s] running install_data
[0.859s] creating /home/huynh/ros2_ws/src/install/my_py_pkg/share/ament_index
[0.859s] creating /home/huynh/ros2_ws/src/install/my_py_pkg/share/ament_index/resource_index
[0.859s] creating /home/huynh/ros2_ws/src/install/my_py_pkg/share/ament_index/resource_index/packages
[0.859s] copying resource/my_py_pkg -> /home/huynh/ros2_ws/src/install/my_py_pkg/share/ament_index/resource_index/packages
[0.859s] copying package.xml -> /home/huynh/ros2_ws/src/install/my_py_pkg/share/my_py_pkg
[0.859s] running install_egg_info
[0.860s] Copying ../build/my_py_pkg/my_py_pkg.egg-info to /home/huynh/ros2_ws/src/install/my_py_pkg/lib/python3.10/site-packages/my_py_pkg-0.0.0-py3.10.egg-info
[0.861s] running install_scripts
[0.878s] Installing py_node script to /home/huynh/ros2_ws/src/install/my_py_pkg/lib/my_py_pkg
[0.878s] writing list of installed files to '/home/huynh/ros2_ws/src/build/my_py_pkg/install.log'
[0.899s] Invoked command in '/home/huynh/ros2_ws/src/my_py_pkg' returned '0': PYTHONPATH=/home/huynh/ros2_ws/src/install/my_py_pkg/lib/python3.10/site-packages:${PYTHONPATH} /usr/bin/python3 setup.py egg_info --egg-base ../build/my_py_pkg build --build-base /home/huynh/ros2_ws/src/build/my_py_pkg/build install --prefix /home/huynh/ros2_ws/src/install/my_py_pkg --record /home/huynh/ros2_ws/src/build/my_py_pkg/install.log --single-version-externally-managed
