[0.563s] Invoking command in '/home/huynh/ros2_ws/src/my_py_pkg': PYTHONPATH=/home/huynh/ros2_ws/install/my_py_pkg/lib/python3.10/site-packages:${PYTHONPATH} /usr/bin/python3 setup.py egg_info --egg-base ../../build/my_py_pkg build --build-base /home/huynh/ros2_ws/build/my_py_pkg/build install --prefix /home/huynh/ros2_ws/install/my_py_pkg --record /home/huynh/ros2_ws/build/my_py_pkg/install.log --single-version-externally-managed
[0.794s] running egg_info
[0.795s] writing ../../build/my_py_pkg/my_py_pkg.egg-info/PKG-INFO
[0.795s] writing dependency_links to ../../build/my_py_pkg/my_py_pkg.egg-info/dependency_links.txt
[0.795s] writing entry points to ../../build/my_py_pkg/my_py_pkg.egg-info/entry_points.txt
[0.795s] writing requirements to ../../build/my_py_pkg/my_py_pkg.egg-info/requires.txt
[0.795s] writing top-level names to ../../build/my_py_pkg/my_py_pkg.egg-info/top_level.txt
[0.796s] reading manifest file '../../build/my_py_pkg/my_py_pkg.egg-info/SOURCES.txt'
[0.797s] writing manifest file '../../build/my_py_pkg/my_py_pkg.egg-info/SOURCES.txt'
[0.797s] running build
[0.797s] running build_py
[0.797s] running install
[0.798s] running install_lib
[0.798s] running install_data
[0.799s] running install_egg_info
[0.800s] removing '/home/huynh/ros2_ws/install/my_py_pkg/lib/python3.10/site-packages/my_py_pkg-0.0.0-py3.10.egg-info' (and everything under it)
[0.800s] Copying ../../build/my_py_pkg/my_py_pkg.egg-info to /home/huynh/ros2_ws/install/my_py_pkg/lib/python3.10/site-packages/my_py_pkg-0.0.0-py3.10.egg-info
[0.801s] running install_scripts
[0.817s] writing list of installed files to '/home/huynh/ros2_ws/build/my_py_pkg/install.log'
[0.838s] Invoked command in '/home/huynh/ros2_ws/src/my_py_pkg' returned '0': PYTHONPATH=/home/huynh/ros2_ws/install/my_py_pkg/lib/python3.10/site-packages:${PYTHONPATH} /usr/bin/python3 setup.py egg_info --egg-base ../../build/my_py_pkg build --build-base /home/huynh/ros2_ws/build/my_py_pkg/build install --prefix /home/huynh/ros2_ws/install/my_py_pkg --record /home/huynh/ros2_ws/build/my_py_pkg/install.log --single-version-externally-managed
